{"/Users/luisjoaquinvillegasarcia/Documents/GitHub/vortex-back-env/src/config/bcrypt.adapter.ts": {"path":"/Users/luisjoaquinvillegasarcia/Documents/GitHub/vortex-back-env/src/config/bcrypt.adapter.ts","all":false,"statementMap":{"0":{"start":{"line":1,"column":0},"end":{"line":1,"column":30}},"1":{"start":{"line":2,"column":0},"end":{"line":2,"column":0}},"2":{"start":{"line":3,"column":0},"end":{"line":3,"column":30}},"3":{"start":{"line":4,"column":0},"end":{"line":4,"column":33}},"4":{"start":{"line":5,"column":0},"end":{"line":5,"column":38}},"5":{"start":{"line":6,"column":0},"end":{"line":6,"column":41}},"6":{"start":{"line":7,"column":0},"end":{"line":7,"column":3}},"7":{"start":{"line":8,"column":0},"end":{"line":8,"column":0}},"8":{"start":{"line":9,"column":0},"end":{"line":9,"column":51}},"9":{"start":{"line":10,"column":0},"end":{"line":10,"column":44}},"10":{"start":{"line":11,"column":0},"end":{"line":11,"column":3}},"11":{"start":{"line":12,"column":0},"end":{"line":12,"column":2}}},"s":{"0":1,"1":1,"2":1,"3":1,"4":2,"5":2,"6":1,"7":1,"8":1,"9":1,"10":1,"11":1},"branchMap":{"0":{"type":"branch","line":4,"loc":{"start":{"line":4,"column":1},"end":{"line":7,"column":2}},"locations":[{"start":{"line":4,"column":1},"end":{"line":7,"column":2}}]},"1":{"type":"branch","line":9,"loc":{"start":{"line":9,"column":1},"end":{"line":11,"column":2}},"locations":[{"start":{"line":9,"column":1},"end":{"line":11,"column":2}}]}},"b":{"0":[2],"1":[1]},"fnMap":{"0":{"name":"hash","decl":{"start":{"line":4,"column":1},"end":{"line":7,"column":2}},"loc":{"start":{"line":4,"column":1},"end":{"line":7,"column":2}},"line":4},"1":{"name":"compare","decl":{"start":{"line":9,"column":1},"end":{"line":11,"column":2}},"loc":{"start":{"line":9,"column":1},"end":{"line":11,"column":2}},"line":9}},"f":{"0":2,"1":1}}
,"/Users/luisjoaquinvillegasarcia/Documents/GitHub/vortex-back-env/src/config/envs.ts": {"path":"/Users/luisjoaquinvillegasarcia/Documents/GitHub/vortex-back-env/src/config/envs.ts","all":false,"statementMap":{"0":{"start":{"line":1,"column":0},"end":{"line":1,"column":23}},"1":{"start":{"line":2,"column":0},"end":{"line":2,"column":30}},"2":{"start":{"line":3,"column":0},"end":{"line":3,"column":0}},"3":{"start":{"line":4,"column":0},"end":{"line":4,"column":21}},"4":{"start":{"line":5,"column":0},"end":{"line":5,"column":45}},"5":{"start":{"line":6,"column":0},"end":{"line":6,"column":62}},"6":{"start":{"line":7,"column":0},"end":{"line":7,"column":0}},"7":{"start":{"line":8,"column":0},"end":{"line":8,"column":26}},"8":{"start":{"line":9,"column":0},"end":{"line":9,"column":25}},"9":{"start":{"line":10,"column":0},"end":{"line":10,"column":49}},"10":{"start":{"line":11,"column":0},"end":{"line":11,"column":0}},"11":{"start":{"line":12,"column":0},"end":{"line":12,"column":51}},"12":{"start":{"line":13,"column":0},"end":{"line":13,"column":59}},"13":{"start":{"line":14,"column":0},"end":{"line":14,"column":0}},"14":{"start":{"line":15,"column":0},"end":{"line":15,"column":53}},"15":{"start":{"line":16,"column":0},"end":{"line":16,"column":0}},"16":{"start":{"line":17,"column":0},"end":{"line":17,"column":53}},"17":{"start":{"line":18,"column":0},"end":{"line":18,"column":61}},"18":{"start":{"line":19,"column":0},"end":{"line":19,"column":2}}},"s":{"0":1,"1":1,"2":1,"3":1,"4":1,"5":1,"6":1,"7":1,"8":1,"9":1,"10":1,"11":1,"12":1,"13":1,"14":1,"15":1,"16":1,"17":1,"18":1},"branchMap":{},"b":{},"fnMap":{},"f":{}}
,"/Users/luisjoaquinvillegasarcia/Documents/GitHub/vortex-back-env/src/config/index.ts": {"path":"/Users/luisjoaquinvillegasarcia/Documents/GitHub/vortex-back-env/src/config/index.ts","all":false,"statementMap":{"0":{"start":{"line":1,"column":0},"end":{"line":1,"column":23}},"1":{"start":{"line":2,"column":0},"end":{"line":2,"column":30}},"2":{"start":{"line":3,"column":0},"end":{"line":3,"column":33}}},"s":{"0":1,"1":1,"2":1},"branchMap":{},"b":{},"fnMap":{},"f":{}}
,"/Users/luisjoaquinvillegasarcia/Documents/GitHub/vortex-back-env/src/config/jwt.adapter.ts": {"path":"/Users/luisjoaquinvillegasarcia/Documents/GitHub/vortex-back-env/src/config/jwt.adapter.ts","all":false,"statementMap":{"0":{"start":{"line":1,"column":0},"end":{"line":1,"column":60}},"1":{"start":{"line":2,"column":0},"end":{"line":2,"column":30}},"2":{"start":{"line":3,"column":0},"end":{"line":3,"column":0}},"3":{"start":{"line":4,"column":0},"end":{"line":4,"column":35}},"4":{"start":{"line":5,"column":0},"end":{"line":5,"column":0}},"5":{"start":{"line":6,"column":0},"end":{"line":6,"column":27}},"6":{"start":{"line":7,"column":0},"end":{"line":7,"column":79}},"7":{"start":{"line":8,"column":0},"end":{"line":8,"column":19}},"8":{"start":{"line":9,"column":0},"end":{"line":9,"column":24}},"9":{"start":{"line":10,"column":0},"end":{"line":10,"column":19}},"10":{"start":{"line":11,"column":0},"end":{"line":11,"column":0}},"11":{"start":{"line":12,"column":0},"end":{"line":12,"column":48}},"12":{"start":{"line":13,"column":0},"end":{"line":13,"column":3}},"13":{"start":{"line":14,"column":0},"end":{"line":14,"column":0}},"14":{"start":{"line":15,"column":0},"end":{"line":15,"column":50}},"15":{"start":{"line":16,"column":0},"end":{"line":16,"column":7}},"16":{"start":{"line":17,"column":0},"end":{"line":17,"column":40}},"17":{"start":{"line":18,"column":0},"end":{"line":18,"column":19}},"18":{"start":{"line":19,"column":0},"end":{"line":19,"column":26}},"19":{"start":{"line":20,"column":0},"end":{"line":20,"column":3}},"20":{"start":{"line":21,"column":0},"end":{"line":21,"column":3}},"21":{"start":{"line":22,"column":0},"end":{"line":22,"column":2}}},"s":{"0":1,"1":1,"2":1,"3":1,"4":1,"5":1,"6":1,"7":3,"8":3,"9":3,"10":3,"11":3,"12":1,"13":1,"14":1,"15":2,"16":2,"17":2,"18":1,"19":1,"20":1,"21":1},"branchMap":{"0":{"type":"branch","line":7,"loc":{"start":{"line":7,"column":1},"end":{"line":13,"column":2}},"locations":[{"start":{"line":7,"column":1},"end":{"line":13,"column":2}}]},"1":{"type":"branch","line":15,"loc":{"start":{"line":15,"column":1},"end":{"line":21,"column":2}},"locations":[{"start":{"line":15,"column":1},"end":{"line":21,"column":2}}]},"2":{"type":"branch","line":18,"loc":{"start":{"line":18,"column":4},"end":{"line":20,"column":3}},"locations":[{"start":{"line":18,"column":4},"end":{"line":20,"column":3}}]}},"b":{"0":[3],"1":[2],"2":[1]},"fnMap":{"0":{"name":"generateToken","decl":{"start":{"line":7,"column":1},"end":{"line":13,"column":2}},"loc":{"start":{"line":7,"column":1},"end":{"line":13,"column":2}},"line":7},"1":{"name":"verifyToken","decl":{"start":{"line":15,"column":1},"end":{"line":21,"column":2}},"loc":{"start":{"line":15,"column":1},"end":{"line":21,"column":2}},"line":15}},"f":{"0":3,"1":2}}
,"/Users/luisjoaquinvillegasarcia/Documents/GitHub/vortex-back-env/src/config/regular-exp.ts": {"path":"/Users/luisjoaquinvillegasarcia/Documents/GitHub/vortex-back-env/src/config/regular-exp.ts","all":false,"statementMap":{"0":{"start":{"line":1,"column":0},"end":{"line":1,"column":70}},"1":{"start":{"line":2,"column":0},"end":{"line":2,"column":0}},"2":{"start":{"line":3,"column":0},"end":{"line":3,"column":22}}},"s":{"0":1,"1":1,"2":1},"branchMap":{},"b":{},"fnMap":{},"f":{}}
,"/Users/luisjoaquinvillegasarcia/Documents/GitHub/vortex-back-env/src/domain/index.ts": {"path":"/Users/luisjoaquinvillegasarcia/Documents/GitHub/vortex-back-env/src/domain/index.ts","all":false,"statementMap":{"0":{"start":{"line":1,"column":0},"end":{"line":1,"column":7}},"1":{"start":{"line":2,"column":0},"end":{"line":2,"column":46}},"2":{"start":{"line":3,"column":0},"end":{"line":3,"column":44}},"3":{"start":{"line":4,"column":0},"end":{"line":4,"column":0}},"4":{"start":{"line":5,"column":0},"end":{"line":5,"column":9}},"5":{"start":{"line":6,"column":0},"end":{"line":6,"column":38}},"6":{"start":{"line":7,"column":0},"end":{"line":7,"column":0}},"7":{"start":{"line":8,"column":0},"end":{"line":8,"column":11}},"8":{"start":{"line":9,"column":0},"end":{"line":9,"column":37}}},"s":{"0":1,"1":1,"2":1,"3":1,"4":1,"5":1,"6":1,"7":1,"8":1},"branchMap":{},"b":{},"fnMap":{},"f":{}}
,"/Users/luisjoaquinvillegasarcia/Documents/GitHub/vortex-back-env/src/domain/dtos/auth/index.ts": {"path":"/Users/luisjoaquinvillegasarcia/Documents/GitHub/vortex-back-env/src/domain/dtos/auth/index.ts","all":false,"statementMap":{"0":{"start":{"line":1,"column":0},"end":{"line":1,"column":36}},"1":{"start":{"line":2,"column":0},"end":{"line":2,"column":34}}},"s":{"0":1,"1":1},"branchMap":{},"b":{},"fnMap":{},"f":{}}
,"/Users/luisjoaquinvillegasarcia/Documents/GitHub/vortex-back-env/src/domain/dtos/auth/log-in-user.dto.ts": {"path":"/Users/luisjoaquinvillegasarcia/Documents/GitHub/vortex-back-env/src/domain/dtos/auth/log-in-user.dto.ts","all":false,"statementMap":{"0":{"start":{"line":1,"column":0},"end":{"line":1,"column":45}},"1":{"start":{"line":2,"column":0},"end":{"line":2,"column":0}},"2":{"start":{"line":3,"column":0},"end":{"line":3,"column":27}},"3":{"start":{"line":4,"column":0},"end":{"line":4,"column":62}},"4":{"start":{"line":5,"column":0},"end":{"line":5,"column":0}},"5":{"start":{"line":6,"column":0},"end":{"line":6,"column":75}},"6":{"start":{"line":7,"column":0},"end":{"line":7,"column":45}},"7":{"start":{"line":8,"column":0},"end":{"line":8,"column":35}},"8":{"start":{"line":9,"column":0},"end":{"line":9,"column":0}},"9":{"start":{"line":10,"column":0},"end":{"line":10,"column":11}},"10":{"start":{"line":11,"column":0},"end":{"line":11,"column":43}},"11":{"start":{"line":12,"column":0},"end":{"line":12,"column":73}},"12":{"start":{"line":13,"column":0},"end":{"line":13,"column":0}},"13":{"start":{"line":14,"column":0},"end":{"line":14,"column":14}},"14":{"start":{"line":15,"column":0},"end":{"line":15,"column":49}},"15":{"start":{"line":16,"column":0},"end":{"line":16,"column":26}},"16":{"start":{"line":17,"column":0},"end":{"line":17,"column":58}},"17":{"start":{"line":18,"column":0},"end":{"line":18,"column":27}},"18":{"start":{"line":19,"column":0},"end":{"line":19,"column":60}},"19":{"start":{"line":20,"column":0},"end":{"line":20,"column":0}},"20":{"start":{"line":21,"column":0},"end":{"line":21,"column":56}},"21":{"start":{"line":22,"column":0},"end":{"line":22,"column":2}},"22":{"start":{"line":23,"column":0},"end":{"line":23,"column":1}}},"s":{"0":1,"1":1,"2":1,"3":1,"4":1,"5":1,"6":7,"7":6,"8":6,"9":6,"10":7,"11":7,"12":4,"13":4,"14":7,"15":3,"16":7,"17":2,"18":7,"19":1,"20":1,"21":1,"22":1},"branchMap":{"0":{"type":"branch","line":4,"loc":{"start":{"line":4,"column":1},"end":{"line":4,"column":62}},"locations":[{"start":{"line":4,"column":1},"end":{"line":4,"column":62}}]},"1":{"type":"branch","line":6,"loc":{"start":{"line":6,"column":8},"end":{"line":22,"column":2}},"locations":[{"start":{"line":6,"column":8},"end":{"line":22,"column":2}}]},"2":{"type":"branch","line":7,"loc":{"start":{"line":7,"column":15},"end":{"line":7,"column":45}},"locations":[{"start":{"line":7,"column":15},"end":{"line":7,"column":45}}]},"3":{"type":"branch","line":8,"loc":{"start":{"line":8,"column":-1},"end":{"line":11,"column":21}},"locations":[{"start":{"line":8,"column":-1},"end":{"line":11,"column":21}}]},"4":{"type":"branch","line":11,"loc":{"start":{"line":11,"column":14},"end":{"line":11,"column":43}},"locations":[{"start":{"line":11,"column":14},"end":{"line":11,"column":43}}]},"5":{"type":"branch","line":12,"loc":{"start":{"line":12,"column":-1},"end":{"line":12,"column":45}},"locations":[{"start":{"line":12,"column":-1},"end":{"line":12,"column":45}}]},"6":{"type":"branch","line":12,"loc":{"start":{"line":12,"column":38},"end":{"line":12,"column":73}},"locations":[{"start":{"line":12,"column":38},"end":{"line":12,"column":73}}]},"7":{"type":"branch","line":13,"loc":{"start":{"line":13,"column":-1},"end":{"line":15,"column":24}},"locations":[{"start":{"line":13,"column":-1},"end":{"line":15,"column":24}}]},"8":{"type":"branch","line":15,"loc":{"start":{"line":15,"column":17},"end":{"line":15,"column":49}},"locations":[{"start":{"line":15,"column":17},"end":{"line":15,"column":49}}]},"9":{"type":"branch","line":16,"loc":{"start":{"line":16,"column":-1},"end":{"line":17,"column":10}},"locations":[{"start":{"line":16,"column":-1},"end":{"line":17,"column":10}}]},"10":{"type":"branch","line":17,"loc":{"start":{"line":17,"column":3},"end":{"line":17,"column":58}},"locations":[{"start":{"line":17,"column":3},"end":{"line":17,"column":58}}]},"11":{"type":"branch","line":18,"loc":{"start":{"line":18,"column":-1},"end":{"line":19,"column":10}},"locations":[{"start":{"line":18,"column":-1},"end":{"line":19,"column":10}}]},"12":{"type":"branch","line":19,"loc":{"start":{"line":19,"column":3},"end":{"line":22,"column":2}},"locations":[{"start":{"line":19,"column":3},"end":{"line":22,"column":2}}]}},"b":{"0":[1],"1":[7],"2":[1],"3":[6],"4":[1],"5":[5],"6":[1],"7":[4],"8":[1],"9":[3],"10":[1],"11":[2],"12":[1]},"fnMap":{"0":{"name":"LogInUserDto","decl":{"start":{"line":4,"column":1},"end":{"line":4,"column":62}},"loc":{"start":{"line":4,"column":1},"end":{"line":4,"column":62}},"line":4},"1":{"name":"create","decl":{"start":{"line":6,"column":8},"end":{"line":22,"column":2}},"loc":{"start":{"line":6,"column":8},"end":{"line":22,"column":2}},"line":6}},"f":{"0":1,"1":7}}
,"/Users/luisjoaquinvillegasarcia/Documents/GitHub/vortex-back-env/src/domain/dtos/auth/register-user.dto.ts": {"path":"/Users/luisjoaquinvillegasarcia/Documents/GitHub/vortex-back-env/src/domain/dtos/auth/register-user.dto.ts","all":false,"statementMap":{"0":{"start":{"line":1,"column":0},"end":{"line":1,"column":45}},"1":{"start":{"line":2,"column":0},"end":{"line":2,"column":57}},"2":{"start":{"line":3,"column":0},"end":{"line":3,"column":0}},"3":{"start":{"line":4,"column":0},"end":{"line":4,"column":30}},"4":{"start":{"line":5,"column":0},"end":{"line":5,"column":13}},"5":{"start":{"line":6,"column":0},"end":{"line":6,"column":22}},"6":{"start":{"line":7,"column":0},"end":{"line":7,"column":23}},"7":{"start":{"line":8,"column":0},"end":{"line":8,"column":26}},"8":{"start":{"line":9,"column":0},"end":{"line":9,"column":41}},"9":{"start":{"line":10,"column":0},"end":{"line":10,"column":0}},"10":{"start":{"line":11,"column":0},"end":{"line":11,"column":27}},"11":{"start":{"line":12,"column":0},"end":{"line":12,"column":25}},"12":{"start":{"line":13,"column":0},"end":{"line":13,"column":29}},"13":{"start":{"line":14,"column":0},"end":{"line":14,"column":5}},"14":{"start":{"line":15,"column":0},"end":{"line":15,"column":0}},"15":{"start":{"line":16,"column":0},"end":{"line":16,"column":78}},"16":{"start":{"line":17,"column":0},"end":{"line":17,"column":45}},"17":{"start":{"line":18,"column":0},"end":{"line":18,"column":7}},"18":{"start":{"line":19,"column":0},"end":{"line":19,"column":8}},"19":{"start":{"line":20,"column":0},"end":{"line":20,"column":9}},"20":{"start":{"line":21,"column":0},"end":{"line":21,"column":12}},"21":{"start":{"line":22,"column":0},"end":{"line":22,"column":12}},"22":{"start":{"line":23,"column":0},"end":{"line":23,"column":10}},"23":{"start":{"line":24,"column":0},"end":{"line":24,"column":15}},"24":{"start":{"line":25,"column":0},"end":{"line":25,"column":18}},"25":{"start":{"line":26,"column":0},"end":{"line":26,"column":13}},"26":{"start":{"line":27,"column":0},"end":{"line":27,"column":0}},"27":{"start":{"line":28,"column":0},"end":{"line":28,"column":10}},"28":{"start":{"line":29,"column":0},"end":{"line":29,"column":41}},"29":{"start":{"line":30,"column":0},"end":{"line":30,"column":0}},"30":{"start":{"line":31,"column":0},"end":{"line":31,"column":11}},"31":{"start":{"line":32,"column":0},"end":{"line":32,"column":43}},"32":{"start":{"line":33,"column":0},"end":{"line":33,"column":73}},"33":{"start":{"line":34,"column":0},"end":{"line":34,"column":0}},"34":{"start":{"line":35,"column":0},"end":{"line":35,"column":14}},"35":{"start":{"line":36,"column":0},"end":{"line":36,"column":49}},"36":{"start":{"line":37,"column":0},"end":{"line":37,"column":26}},"37":{"start":{"line":38,"column":0},"end":{"line":38,"column":58}},"38":{"start":{"line":39,"column":0},"end":{"line":39,"column":27}},"39":{"start":{"line":40,"column":0},"end":{"line":40,"column":60}},"40":{"start":{"line":41,"column":0},"end":{"line":41,"column":74}},"41":{"start":{"line":42,"column":0},"end":{"line":42,"column":30}},"42":{"start":{"line":43,"column":0},"end":{"line":43,"column":66}},"43":{"start":{"line":44,"column":0},"end":{"line":44,"column":30}},"44":{"start":{"line":45,"column":0},"end":{"line":45,"column":66}},"45":{"start":{"line":46,"column":0},"end":{"line":46,"column":30}},"46":{"start":{"line":47,"column":0},"end":{"line":47,"column":56}},"47":{"start":{"line":48,"column":0},"end":{"line":48,"column":60}},"48":{"start":{"line":49,"column":0},"end":{"line":49,"column":67}},"49":{"start":{"line":50,"column":0},"end":{"line":50,"column":0}},"50":{"start":{"line":51,"column":0},"end":{"line":51,"column":14}},"51":{"start":{"line":52,"column":0},"end":{"line":52,"column":17}},"52":{"start":{"line":53,"column":0},"end":{"line":53,"column":32}},"53":{"start":{"line":54,"column":0},"end":{"line":54,"column":48}},"54":{"start":{"line":55,"column":0},"end":{"line":55,"column":37}},"55":{"start":{"line":56,"column":0},"end":{"line":56,"column":61}},"56":{"start":{"line":57,"column":0},"end":{"line":57,"column":11}},"57":{"start":{"line":58,"column":0},"end":{"line":58,"column":45}},"58":{"start":{"line":59,"column":0},"end":{"line":59,"column":4}},"59":{"start":{"line":60,"column":0},"end":{"line":60,"column":3}},"60":{"start":{"line":61,"column":0},"end":{"line":61,"column":0}},"61":{"start":{"line":62,"column":0},"end":{"line":62,"column":12}},"62":{"start":{"line":63,"column":0},"end":{"line":63,"column":9}},"63":{"start":{"line":64,"column":0},"end":{"line":64,"column":15}},"64":{"start":{"line":65,"column":0},"end":{"line":65,"column":38}},"65":{"start":{"line":66,"column":0},"end":{"line":66,"column":36}},"66":{"start":{"line":67,"column":0},"end":{"line":67,"column":6}},"67":{"start":{"line":68,"column":0},"end":{"line":68,"column":44}},"68":{"start":{"line":69,"column":0},"end":{"line":69,"column":0}},"69":{"start":{"line":70,"column":0},"end":{"line":70,"column":17}},"70":{"start":{"line":71,"column":0},"end":{"line":71,"column":46}},"71":{"start":{"line":72,"column":0},"end":{"line":72,"column":64}},"72":{"start":{"line":73,"column":0},"end":{"line":73,"column":0}},"73":{"start":{"line":74,"column":0},"end":{"line":74,"column":22}},"74":{"start":{"line":75,"column":0},"end":{"line":75,"column":63}},"75":{"start":{"line":76,"column":0},"end":{"line":76,"column":68}},"76":{"start":{"line":77,"column":0},"end":{"line":77,"column":48}},"77":{"start":{"line":78,"column":0},"end":{"line":78,"column":38}},"78":{"start":{"line":79,"column":0},"end":{"line":79,"column":56}},"79":{"start":{"line":80,"column":0},"end":{"line":80,"column":43}},"80":{"start":{"line":81,"column":0},"end":{"line":81,"column":4}},"81":{"start":{"line":82,"column":0},"end":{"line":82,"column":5}},"82":{"start":{"line":83,"column":0},"end":{"line":83,"column":0}},"83":{"start":{"line":84,"column":0},"end":{"line":84,"column":10}},"84":{"start":{"line":85,"column":0},"end":{"line":85,"column":13}},"85":{"start":{"line":86,"column":0},"end":{"line":86,"column":23}},"86":{"start":{"line":87,"column":0},"end":{"line":87,"column":9}},"87":{"start":{"line":88,"column":0},"end":{"line":88,"column":10}},"88":{"start":{"line":89,"column":0},"end":{"line":89,"column":13}},"89":{"start":{"line":90,"column":0},"end":{"line":90,"column":19}},"90":{"start":{"line":91,"column":0},"end":{"line":91,"column":13}},"91":{"start":{"line":92,"column":0},"end":{"line":92,"column":11}},"92":{"start":{"line":93,"column":0},"end":{"line":93,"column":15}},"93":{"start":{"line":94,"column":0},"end":{"line":94,"column":5}},"94":{"start":{"line":95,"column":0},"end":{"line":95,"column":4}},"95":{"start":{"line":96,"column":0},"end":{"line":96,"column":2}},"96":{"start":{"line":97,"column":0},"end":{"line":97,"column":1}}},"s":{"0":1,"1":1,"2":1,"3":1,"4":1,"5":5,"6":5,"7":5,"8":5,"9":5,"10":5,"11":5,"12":5,"13":5,"14":1,"15":1,"16":20,"17":19,"18":19,"19":19,"20":19,"21":19,"22":19,"23":19,"24":19,"25":19,"26":19,"27":19,"28":20,"29":18,"30":18,"31":20,"32":20,"33":16,"34":16,"35":20,"36":15,"37":20,"38":14,"39":20,"40":20,"41":12,"42":20,"43":11,"44":20,"45":10,"46":20,"47":9,"48":20,"49":8,"50":8,"51":20,"52":4,"53":1,"54":4,"55":1,"56":3,"57":2,"58":2,"59":4,"60":6,"61":6,"62":6,"63":6,"64":6,"65":6,"66":6,"67":6,"68":6,"69":6,"70":20,"71":20,"72":5,"73":5,"74":20,"75":20,"76":20,"77":5,"78":5,"79":0,"80":0,"81":5,"82":5,"83":5,"84":5,"85":5,"86":5,"87":5,"88":5,"89":5,"90":5,"91":5,"92":5,"93":5,"94":5,"95":5,"96":1},"branchMap":{"0":{"type":"branch","line":5,"loc":{"start":{"line":5,"column":1},"end":{"line":14,"column":5}},"locations":[{"start":{"line":5,"column":1},"end":{"line":14,"column":5}}]},"1":{"type":"branch","line":16,"loc":{"start":{"line":16,"column":8},"end":{"line":96,"column":2}},"locations":[{"start":{"line":16,"column":8},"end":{"line":96,"column":2}}]},"2":{"type":"branch","line":17,"loc":{"start":{"line":17,"column":15},"end":{"line":17,"column":45}},"locations":[{"start":{"line":17,"column":15},"end":{"line":17,"column":45}}]},"3":{"type":"branch","line":18,"loc":{"start":{"line":18,"column":-1},"end":{"line":29,"column":20}},"locations":[{"start":{"line":18,"column":-1},"end":{"line":29,"column":20}}]},"4":{"type":"branch","line":29,"loc":{"start":{"line":29,"column":13},"end":{"line":29,"column":41}},"locations":[{"start":{"line":29,"column":13},"end":{"line":29,"column":41}}]},"5":{"type":"branch","line":30,"loc":{"start":{"line":30,"column":-1},"end":{"line":32,"column":21}},"locations":[{"start":{"line":30,"column":-1},"end":{"line":32,"column":21}}]},"6":{"type":"branch","line":32,"loc":{"start":{"line":32,"column":14},"end":{"line":32,"column":43}},"locations":[{"start":{"line":32,"column":14},"end":{"line":32,"column":43}}]},"7":{"type":"branch","line":33,"loc":{"start":{"line":33,"column":-1},"end":{"line":33,"column":45}},"locations":[{"start":{"line":33,"column":-1},"end":{"line":33,"column":45}}]},"8":{"type":"branch","line":33,"loc":{"start":{"line":33,"column":38},"end":{"line":33,"column":73}},"locations":[{"start":{"line":33,"column":38},"end":{"line":33,"column":73}}]},"9":{"type":"branch","line":34,"loc":{"start":{"line":34,"column":-1},"end":{"line":36,"column":24}},"locations":[{"start":{"line":34,"column":-1},"end":{"line":36,"column":24}}]},"10":{"type":"branch","line":36,"loc":{"start":{"line":36,"column":17},"end":{"line":36,"column":49}},"locations":[{"start":{"line":36,"column":17},"end":{"line":36,"column":49}}]},"11":{"type":"branch","line":37,"loc":{"start":{"line":37,"column":-1},"end":{"line":38,"column":10}},"locations":[{"start":{"line":37,"column":-1},"end":{"line":38,"column":10}}]},"12":{"type":"branch","line":38,"loc":{"start":{"line":38,"column":3},"end":{"line":38,"column":58}},"locations":[{"start":{"line":38,"column":3},"end":{"line":38,"column":58}}]},"13":{"type":"branch","line":39,"loc":{"start":{"line":39,"column":-1},"end":{"line":40,"column":10}},"locations":[{"start":{"line":39,"column":-1},"end":{"line":40,"column":10}}]},"14":{"type":"branch","line":40,"loc":{"start":{"line":40,"column":3},"end":{"line":40,"column":60}},"locations":[{"start":{"line":40,"column":3},"end":{"line":40,"column":60}}]},"15":{"type":"branch","line":41,"loc":{"start":{"line":41,"column":-1},"end":{"line":41,"column":37}},"locations":[{"start":{"line":41,"column":-1},"end":{"line":41,"column":37}}]},"16":{"type":"branch","line":41,"loc":{"start":{"line":41,"column":30},"end":{"line":41,"column":74}},"locations":[{"start":{"line":41,"column":30},"end":{"line":41,"column":74}}]},"17":{"type":"branch","line":42,"loc":{"start":{"line":42,"column":-1},"end":{"line":43,"column":10}},"locations":[{"start":{"line":42,"column":-1},"end":{"line":43,"column":10}}]},"18":{"type":"branch","line":43,"loc":{"start":{"line":43,"column":3},"end":{"line":43,"column":66}},"locations":[{"start":{"line":43,"column":3},"end":{"line":43,"column":66}}]},"19":{"type":"branch","line":44,"loc":{"start":{"line":44,"column":-1},"end":{"line":45,"column":10}},"locations":[{"start":{"line":44,"column":-1},"end":{"line":45,"column":10}}]},"20":{"type":"branch","line":45,"loc":{"start":{"line":45,"column":3},"end":{"line":45,"column":66}},"locations":[{"start":{"line":45,"column":3},"end":{"line":45,"column":66}}]},"21":{"type":"branch","line":46,"loc":{"start":{"line":46,"column":-1},"end":{"line":47,"column":10}},"locations":[{"start":{"line":46,"column":-1},"end":{"line":47,"column":10}}]},"22":{"type":"branch","line":47,"loc":{"start":{"line":47,"column":3},"end":{"line":47,"column":56}},"locations":[{"start":{"line":47,"column":3},"end":{"line":47,"column":56}}]},"23":{"type":"branch","line":48,"loc":{"start":{"line":48,"column":-1},"end":{"line":49,"column":10}},"locations":[{"start":{"line":48,"column":-1},"end":{"line":49,"column":10}}]},"24":{"type":"branch","line":49,"loc":{"start":{"line":49,"column":3},"end":{"line":49,"column":67}},"locations":[{"start":{"line":49,"column":3},"end":{"line":49,"column":67}}]},"25":{"type":"branch","line":50,"loc":{"start":{"line":50,"column":-1},"end":{"line":52,"column":16}},"locations":[{"start":{"line":50,"column":-1},"end":{"line":52,"column":16}}]},"26":{"type":"branch","line":52,"loc":{"start":{"line":52,"column":16},"end":{"line":60,"column":3}},"locations":[{"start":{"line":52,"column":16},"end":{"line":60,"column":3}}]},"27":{"type":"branch","line":53,"loc":{"start":{"line":53,"column":31},"end":{"line":55,"column":4}},"locations":[{"start":{"line":53,"column":31},"end":{"line":55,"column":4}}]},"28":{"type":"branch","line":55,"loc":{"start":{"line":55,"column":4},"end":{"line":59,"column":4}},"locations":[{"start":{"line":55,"column":4},"end":{"line":59,"column":4}}]},"29":{"type":"branch","line":55,"loc":{"start":{"line":55,"column":36},"end":{"line":57,"column":4}},"locations":[{"start":{"line":55,"column":36},"end":{"line":57,"column":4}}]},"30":{"type":"branch","line":57,"loc":{"start":{"line":57,"column":4},"end":{"line":59,"column":4}},"locations":[{"start":{"line":57,"column":4},"end":{"line":59,"column":4}}]},"31":{"type":"branch","line":61,"loc":{"start":{"line":61,"column":-1},"end":{"line":71,"column":21}},"locations":[{"start":{"line":61,"column":-1},"end":{"line":71,"column":21}}]},"32":{"type":"branch","line":71,"loc":{"start":{"line":71,"column":17},"end":{"line":71,"column":45}},"locations":[{"start":{"line":71,"column":17},"end":{"line":71,"column":45}}]},"33":{"type":"branch","line":72,"loc":{"start":{"line":72,"column":3},"end":{"line":72,"column":64}},"locations":[{"start":{"line":72,"column":3},"end":{"line":72,"column":64}}]},"34":{"type":"branch","line":73,"loc":{"start":{"line":73,"column":-1},"end":{"line":75,"column":30}},"locations":[{"start":{"line":73,"column":-1},"end":{"line":75,"column":30}}]},"35":{"type":"branch","line":75,"loc":{"start":{"line":75,"column":23},"end":{"line":75,"column":63}},"locations":[{"start":{"line":75,"column":23},"end":{"line":75,"column":63}}]},"36":{"type":"branch","line":76,"loc":{"start":{"line":76,"column":-1},"end":{"line":76,"column":67}},"locations":[{"start":{"line":76,"column":-1},"end":{"line":76,"column":67}}]},"37":{"type":"branch","line":77,"loc":{"start":{"line":77,"column":3},"end":{"line":77,"column":48}},"locations":[{"start":{"line":77,"column":3},"end":{"line":77,"column":48}}]},"38":{"type":"branch","line":78,"loc":{"start":{"line":78,"column":-1},"end":{"line":96,"column":2}},"locations":[{"start":{"line":78,"column":-1},"end":{"line":96,"column":2}}]},"39":{"type":"branch","line":78,"loc":{"start":{"line":78,"column":25},"end":{"line":82,"column":3}},"locations":[{"start":{"line":78,"column":25},"end":{"line":82,"column":3}}]},"40":{"type":"branch","line":79,"loc":{"start":{"line":79,"column":55},"end":{"line":81,"column":4}},"locations":[{"start":{"line":79,"column":55},"end":{"line":81,"column":4}}]}},"b":{"0":[5],"1":[20],"2":[1],"3":[19],"4":[1],"5":[18],"6":[1],"7":[17],"8":[1],"9":[16],"10":[1],"11":[15],"12":[1],"13":[14],"14":[1],"15":[13],"16":[1],"17":[12],"18":[1],"19":[11],"20":[1],"21":[10],"22":[1],"23":[9],"24":[1],"25":[8],"26":[4],"27":[1],"28":[3],"29":[1],"30":[2],"31":[6],"32":[3],"33":[1],"34":[5],"35":[0],"36":[5],"37":[0],"38":[5],"39":[5],"40":[0]},"fnMap":{"0":{"name":"RegisterUserDto","decl":{"start":{"line":5,"column":1},"end":{"line":14,"column":5}},"loc":{"start":{"line":5,"column":1},"end":{"line":14,"column":5}},"line":5},"1":{"name":"create","decl":{"start":{"line":16,"column":8},"end":{"line":96,"column":2}},"loc":{"start":{"line":16,"column":8},"end":{"line":96,"column":2}},"line":16}},"f":{"0":5,"1":20}}
,"/Users/luisjoaquinvillegasarcia/Documents/GitHub/vortex-back-env/src/domain/entity/user.entity.ts": {"path":"/Users/luisjoaquinvillegasarcia/Documents/GitHub/vortex-back-env/src/domain/entity/user.entity.ts","all":false,"statementMap":{"0":{"start":{"line":1,"column":0},"end":{"line":1,"column":42}},"1":{"start":{"line":2,"column":0},"end":{"line":2,"column":0}},"2":{"start":{"line":3,"column":0},"end":{"line":3,"column":27}},"3":{"start":{"line":4,"column":0},"end":{"line":4,"column":17}},"4":{"start":{"line":5,"column":0},"end":{"line":5,"column":19}},"5":{"start":{"line":6,"column":0},"end":{"line":6,"column":1}},"6":{"start":{"line":7,"column":0},"end":{"line":7,"column":0}},"7":{"start":{"line":8,"column":0},"end":{"line":8,"column":25}},"8":{"start":{"line":9,"column":0},"end":{"line":9,"column":13}},"9":{"start":{"line":10,"column":0},"end":{"line":10,"column":22}},"10":{"start":{"line":11,"column":0},"end":{"line":11,"column":23}},"11":{"start":{"line":12,"column":0},"end":{"line":12,"column":26}},"12":{"start":{"line":13,"column":0},"end":{"line":13,"column":0}},"13":{"start":{"line":14,"column":0},"end":{"line":14,"column":20}},"14":{"start":{"line":15,"column":0},"end":{"line":15,"column":32}},"15":{"start":{"line":16,"column":0},"end":{"line":16,"column":24}},"16":{"start":{"line":17,"column":0},"end":{"line":17,"column":25}},"17":{"start":{"line":18,"column":0},"end":{"line":18,"column":25}},"18":{"start":{"line":19,"column":0},"end":{"line":19,"column":0}},"19":{"start":{"line":20,"column":0},"end":{"line":20,"column":41}},"20":{"start":{"line":21,"column":0},"end":{"line":21,"column":0}},"21":{"start":{"line":22,"column":0},"end":{"line":22,"column":27}},"22":{"start":{"line":23,"column":0},"end":{"line":23,"column":25}},"23":{"start":{"line":24,"column":0},"end":{"line":24,"column":29}},"24":{"start":{"line":25,"column":0},"end":{"line":25,"column":5}},"25":{"start":{"line":26,"column":0},"end":{"line":26,"column":0}},"26":{"start":{"line":27,"column":0},"end":{"line":27,"column":30}},"27":{"start":{"line":28,"column":0},"end":{"line":28,"column":51}},"28":{"start":{"line":29,"column":0},"end":{"line":29,"column":9}},"29":{"start":{"line":30,"column":0},"end":{"line":30,"column":8}},"30":{"start":{"line":31,"column":0},"end":{"line":31,"column":9}},"31":{"start":{"line":32,"column":0},"end":{"line":32,"column":6}},"32":{"start":{"line":33,"column":0},"end":{"line":33,"column":7}},"33":{"start":{"line":34,"column":0},"end":{"line":34,"column":17}},"34":{"start":{"line":35,"column":0},"end":{"line":35,"column":12}},"35":{"start":{"line":36,"column":0},"end":{"line":36,"column":8}},"36":{"start":{"line":37,"column":0},"end":{"line":37,"column":13}},"37":{"start":{"line":38,"column":0},"end":{"line":38,"column":13}},"38":{"start":{"line":39,"column":0},"end":{"line":39,"column":18}},"39":{"start":{"line":40,"column":0},"end":{"line":40,"column":12}},"40":{"start":{"line":41,"column":0},"end":{"line":41,"column":10}},"41":{"start":{"line":42,"column":0},"end":{"line":42,"column":15}},"42":{"start":{"line":43,"column":0},"end":{"line":43,"column":11}},"43":{"start":{"line":44,"column":0},"end":{"line":44,"column":0}},"44":{"start":{"line":45,"column":0},"end":{"line":45,"column":20}},"45":{"start":{"line":46,"column":0},"end":{"line":46,"column":37}},"46":{"start":{"line":47,"column":0},"end":{"line":47,"column":3}},"47":{"start":{"line":48,"column":0},"end":{"line":48,"column":0}},"48":{"start":{"line":49,"column":0},"end":{"line":49,"column":15}},"49":{"start":{"line":50,"column":0},"end":{"line":50,"column":40}},"50":{"start":{"line":51,"column":0},"end":{"line":51,"column":46}},"51":{"start":{"line":52,"column":0},"end":{"line":52,"column":39}},"52":{"start":{"line":53,"column":0},"end":{"line":53,"column":3}},"53":{"start":{"line":54,"column":0},"end":{"line":54,"column":0}},"54":{"start":{"line":55,"column":0},"end":{"line":55,"column":18}},"55":{"start":{"line":56,"column":0},"end":{"line":56,"column":43}},"56":{"start":{"line":57,"column":0},"end":{"line":57,"column":3}},"57":{"start":{"line":58,"column":0},"end":{"line":58,"column":0}},"58":{"start":{"line":59,"column":0},"end":{"line":59,"column":14}},"59":{"start":{"line":60,"column":0},"end":{"line":60,"column":39}},"60":{"start":{"line":61,"column":0},"end":{"line":61,"column":3}},"61":{"start":{"line":62,"column":0},"end":{"line":62,"column":0}},"62":{"start":{"line":63,"column":0},"end":{"line":63,"column":19}},"63":{"start":{"line":64,"column":0},"end":{"line":64,"column":44}},"64":{"start":{"line":65,"column":0},"end":{"line":65,"column":3}},"65":{"start":{"line":66,"column":0},"end":{"line":66,"column":0}},"66":{"start":{"line":67,"column":0},"end":{"line":67,"column":19}},"67":{"start":{"line":68,"column":0},"end":{"line":68,"column":44}},"68":{"start":{"line":69,"column":0},"end":{"line":69,"column":3}},"69":{"start":{"line":70,"column":0},"end":{"line":70,"column":0}},"70":{"start":{"line":71,"column":0},"end":{"line":71,"column":24}},"71":{"start":{"line":72,"column":0},"end":{"line":72,"column":49}},"72":{"start":{"line":73,"column":0},"end":{"line":73,"column":77}},"73":{"start":{"line":74,"column":0},"end":{"line":74,"column":54}},"74":{"start":{"line":75,"column":0},"end":{"line":75,"column":10}},"75":{"start":{"line":76,"column":0},"end":{"line":76,"column":39}},"76":{"start":{"line":77,"column":0},"end":{"line":77,"column":57}},"77":{"start":{"line":78,"column":0},"end":{"line":78,"column":50}},"78":{"start":{"line":79,"column":0},"end":{"line":79,"column":5}},"79":{"start":{"line":80,"column":0},"end":{"line":80,"column":6}},"80":{"start":{"line":81,"column":0},"end":{"line":81,"column":3}},"81":{"start":{"line":82,"column":0},"end":{"line":82,"column":0}},"82":{"start":{"line":83,"column":0},"end":{"line":83,"column":24}},"83":{"start":{"line":84,"column":0},"end":{"line":84,"column":8}},"84":{"start":{"line":85,"column":0},"end":{"line":85,"column":9}},"85":{"start":{"line":86,"column":0},"end":{"line":86,"column":12}},"86":{"start":{"line":87,"column":0},"end":{"line":87,"column":13}},"87":{"start":{"line":88,"column":0},"end":{"line":88,"column":17}},"88":{"start":{"line":89,"column":0},"end":{"line":89,"column":8}},"89":{"start":{"line":90,"column":0},"end":{"line":90,"column":13}},"90":{"start":{"line":91,"column":0},"end":{"line":91,"column":13}},"91":{"start":{"line":92,"column":0},"end":{"line":92,"column":18}},"92":{"start":{"line":93,"column":0},"end":{"line":93,"column":12}},"93":{"start":{"line":94,"column":0},"end":{"line":94,"column":10}},"94":{"start":{"line":95,"column":0},"end":{"line":95,"column":14}},"95":{"start":{"line":96,"column":0},"end":{"line":96,"column":4}},"96":{"start":{"line":97,"column":0},"end":{"line":97,"column":2}},"97":{"start":{"line":98,"column":0},"end":{"line":98,"column":1}}},"s":{"0":1,"1":1,"2":4,"3":4,"4":4,"5":4,"6":1,"7":1,"8":1,"9":1,"10":1,"11":1,"12":1,"13":1,"14":1,"15":1,"16":1,"17":1,"18":1,"19":1,"20":1,"21":1,"22":1,"23":1,"24":1,"25":1,"26":1,"27":10,"28":9,"29":9,"30":9,"31":9,"32":9,"33":9,"34":9,"35":9,"36":9,"37":9,"38":9,"39":9,"40":9,"41":9,"42":9,"43":9,"44":10,"45":1,"46":1,"47":8,"48":10,"49":1,"50":10,"51":1,"52":1,"53":6,"54":10,"55":1,"56":1,"57":5,"58":10,"59":1,"60":1,"61":4,"62":10,"63":1,"64":1,"65":3,"66":10,"67":1,"68":1,"69":2,"70":10,"71":1,"72":1,"73":0,"74":1,"75":1,"76":1,"77":0,"78":0,"79":1,"80":1,"81":1,"82":1,"83":1,"84":1,"85":1,"86":10,"87":10,"88":10,"89":10,"90":10,"91":10,"92":10,"93":10,"94":10,"95":10,"96":10,"97":1},"branchMap":{"0":{"type":"branch","line":3,"loc":{"start":{"line":3,"column":0},"end":{"line":6,"column":1}},"locations":[{"start":{"line":3,"column":0},"end":{"line":6,"column":1}}]},"1":{"type":"branch","line":9,"loc":{"start":{"line":9,"column":1},"end":{"line":25,"column":5}},"locations":[{"start":{"line":9,"column":1},"end":{"line":25,"column":5}}]},"2":{"type":"branch","line":27,"loc":{"start":{"line":27,"column":8},"end":{"line":97,"column":2}},"locations":[{"start":{"line":27,"column":8},"end":{"line":97,"column":2}}]},"3":{"type":"branch","line":28,"loc":{"start":{"line":28,"column":13},"end":{"line":28,"column":51}},"locations":[{"start":{"line":28,"column":13},"end":{"line":28,"column":51}}]},"4":{"type":"branch","line":29,"loc":{"start":{"line":29,"column":-1},"end":{"line":45,"column":13}},"locations":[{"start":{"line":29,"column":-1},"end":{"line":45,"column":13}}]},"5":{"type":"branch","line":45,"loc":{"start":{"line":45,"column":9},"end":{"line":45,"column":17}},"locations":[{"start":{"line":45,"column":9},"end":{"line":45,"column":17}}]},"6":{"type":"branch","line":45,"loc":{"start":{"line":45,"column":19},"end":{"line":47,"column":3}},"locations":[{"start":{"line":45,"column":19},"end":{"line":47,"column":3}}]},"7":{"type":"branch","line":48,"loc":{"start":{"line":48,"column":-1},"end":{"line":49,"column":14}},"locations":[{"start":{"line":48,"column":-1},"end":{"line":49,"column":14}}]},"8":{"type":"branch","line":49,"loc":{"start":{"line":49,"column":14},"end":{"line":51,"column":3}},"locations":[{"start":{"line":49,"column":14},"end":{"line":51,"column":3}}]},"9":{"type":"branch","line":51,"loc":{"start":{"line":51,"column":3},"end":{"line":53,"column":3}},"locations":[{"start":{"line":51,"column":3},"end":{"line":53,"column":3}}]},"10":{"type":"branch","line":51,"loc":{"start":{"line":51,"column":45},"end":{"line":53,"column":3}},"locations":[{"start":{"line":51,"column":45},"end":{"line":53,"column":3}}]},"11":{"type":"branch","line":54,"loc":{"start":{"line":54,"column":-1},"end":{"line":55,"column":17}},"locations":[{"start":{"line":54,"column":-1},"end":{"line":55,"column":17}}]},"12":{"type":"branch","line":55,"loc":{"start":{"line":55,"column":17},"end":{"line":57,"column":3}},"locations":[{"start":{"line":55,"column":17},"end":{"line":57,"column":3}}]},"13":{"type":"branch","line":58,"loc":{"start":{"line":58,"column":-1},"end":{"line":59,"column":13}},"locations":[{"start":{"line":58,"column":-1},"end":{"line":59,"column":13}}]},"14":{"type":"branch","line":59,"loc":{"start":{"line":59,"column":13},"end":{"line":61,"column":3}},"locations":[{"start":{"line":59,"column":13},"end":{"line":61,"column":3}}]},"15":{"type":"branch","line":62,"loc":{"start":{"line":62,"column":-1},"end":{"line":63,"column":18}},"locations":[{"start":{"line":62,"column":-1},"end":{"line":63,"column":18}}]},"16":{"type":"branch","line":63,"loc":{"start":{"line":63,"column":18},"end":{"line":65,"column":3}},"locations":[{"start":{"line":63,"column":18},"end":{"line":65,"column":3}}]},"17":{"type":"branch","line":66,"loc":{"start":{"line":66,"column":-1},"end":{"line":67,"column":18}},"locations":[{"start":{"line":66,"column":-1},"end":{"line":67,"column":18}}]},"18":{"type":"branch","line":67,"loc":{"start":{"line":67,"column":18},"end":{"line":69,"column":3}},"locations":[{"start":{"line":67,"column":18},"end":{"line":69,"column":3}}]},"19":{"type":"branch","line":70,"loc":{"start":{"line":70,"column":-1},"end":{"line":71,"column":23}},"locations":[{"start":{"line":70,"column":-1},"end":{"line":71,"column":23}}]},"20":{"type":"branch","line":71,"loc":{"start":{"line":71,"column":23},"end":{"line":87,"column":9}},"locations":[{"start":{"line":71,"column":23},"end":{"line":87,"column":9}}]},"21":{"type":"branch","line":73,"loc":{"start":{"line":73,"column":76},"end":{"line":75,"column":3}},"locations":[{"start":{"line":73,"column":76},"end":{"line":75,"column":3}}]},"22":{"type":"branch","line":87,"loc":{"start":{"line":87,"column":5},"end":{"line":87,"column":12}},"locations":[{"start":{"line":87,"column":5},"end":{"line":87,"column":12}}]},"23":{"type":"branch","line":76,"loc":{"start":{"line":76,"column":26},"end":{"line":80,"column":4}},"locations":[{"start":{"line":76,"column":26},"end":{"line":80,"column":4}}]},"24":{"type":"branch","line":77,"loc":{"start":{"line":77,"column":56},"end":{"line":79,"column":5}},"locations":[{"start":{"line":77,"column":56},"end":{"line":79,"column":5}}]}},"b":{"0":[4],"1":[1],"2":[10],"3":[1],"4":[9],"5":[1],"6":[1],"7":[8],"8":[1],"9":[7],"10":[1],"11":[6],"12":[1],"13":[5],"14":[1],"15":[4],"16":[1],"17":[3],"18":[1],"19":[2],"20":[1],"21":[0],"22":[0],"23":[1],"24":[0]},"fnMap":{"0":{"name":"UserEntity","decl":{"start":{"line":9,"column":1},"end":{"line":25,"column":5}},"loc":{"start":{"line":9,"column":1},"end":{"line":25,"column":5}},"line":9},"1":{"name":"toObject","decl":{"start":{"line":27,"column":8},"end":{"line":97,"column":2}},"loc":{"start":{"line":27,"column":8},"end":{"line":97,"column":2}},"line":27}},"f":{"0":1,"1":10}}
,"/Users/luisjoaquinvillegasarcia/Documents/GitHub/vortex-back-env/src/domain/errors/custom.error.ts": {"path":"/Users/luisjoaquinvillegasarcia/Documents/GitHub/vortex-back-env/src/domain/errors/custom.error.ts","all":false,"statementMap":{"0":{"start":{"line":1,"column":0},"end":{"line":1,"column":40}},"1":{"start":{"line":2,"column":0},"end":{"line":2,"column":21}},"2":{"start":{"line":3,"column":0},"end":{"line":3,"column":31}},"3":{"start":{"line":4,"column":0},"end":{"line":4,"column":33}},"4":{"start":{"line":5,"column":0},"end":{"line":5,"column":4}},"5":{"start":{"line":6,"column":0},"end":{"line":6,"column":17}},"6":{"start":{"line":7,"column":0},"end":{"line":7,"column":2}},"7":{"start":{"line":8,"column":0},"end":{"line":8,"column":0}},"8":{"start":{"line":9,"column":0},"end":{"line":9,"column":37}},"9":{"start":{"line":10,"column":0},"end":{"line":10,"column":39}},"10":{"start":{"line":11,"column":0},"end":{"line":11,"column":2}},"11":{"start":{"line":12,"column":0},"end":{"line":12,"column":0}},"12":{"start":{"line":13,"column":0},"end":{"line":13,"column":39}},"13":{"start":{"line":14,"column":0},"end":{"line":14,"column":39}},"14":{"start":{"line":15,"column":0},"end":{"line":15,"column":2}},"15":{"start":{"line":16,"column":0},"end":{"line":16,"column":0}},"16":{"start":{"line":17,"column":0},"end":{"line":17,"column":36}},"17":{"start":{"line":18,"column":0},"end":{"line":18,"column":39}},"18":{"start":{"line":19,"column":0},"end":{"line":19,"column":2}},"19":{"start":{"line":20,"column":0},"end":{"line":20,"column":0}},"20":{"start":{"line":21,"column":0},"end":{"line":21,"column":35}},"21":{"start":{"line":22,"column":0},"end":{"line":22,"column":39}},"22":{"start":{"line":23,"column":0},"end":{"line":23,"column":2}},"23":{"start":{"line":24,"column":0},"end":{"line":24,"column":0}},"24":{"start":{"line":25,"column":0},"end":{"line":25,"column":41}},"25":{"start":{"line":26,"column":0},"end":{"line":26,"column":39}},"26":{"start":{"line":27,"column":0},"end":{"line":27,"column":2}},"27":{"start":{"line":28,"column":0},"end":{"line":28,"column":1}}},"s":{"0":1,"1":1,"2":5,"3":5,"4":5,"5":5,"6":5,"7":1,"8":1,"9":1,"10":1,"11":1,"12":1,"13":1,"14":1,"15":1,"16":1,"17":1,"18":1,"19":1,"20":1,"21":1,"22":1,"23":1,"24":1,"25":1,"26":1,"27":1},"branchMap":{"0":{"type":"branch","line":2,"loc":{"start":{"line":2,"column":1},"end":{"line":7,"column":2}},"locations":[{"start":{"line":2,"column":1},"end":{"line":7,"column":2}}]},"1":{"type":"branch","line":9,"loc":{"start":{"line":9,"column":8},"end":{"line":11,"column":2}},"locations":[{"start":{"line":9,"column":8},"end":{"line":11,"column":2}}]},"2":{"type":"branch","line":13,"loc":{"start":{"line":13,"column":8},"end":{"line":15,"column":2}},"locations":[{"start":{"line":13,"column":8},"end":{"line":15,"column":2}}]},"3":{"type":"branch","line":17,"loc":{"start":{"line":17,"column":8},"end":{"line":19,"column":2}},"locations":[{"start":{"line":17,"column":8},"end":{"line":19,"column":2}}]},"4":{"type":"branch","line":21,"loc":{"start":{"line":21,"column":8},"end":{"line":23,"column":2}},"locations":[{"start":{"line":21,"column":8},"end":{"line":23,"column":2}}]},"5":{"type":"branch","line":25,"loc":{"start":{"line":25,"column":8},"end":{"line":27,"column":2}},"locations":[{"start":{"line":25,"column":8},"end":{"line":27,"column":2}}]}},"b":{"0":[5],"1":[1],"2":[1],"3":[1],"4":[1],"5":[1]},"fnMap":{"0":{"name":"CustomError","decl":{"start":{"line":2,"column":1},"end":{"line":7,"column":2}},"loc":{"start":{"line":2,"column":1},"end":{"line":7,"column":2}},"line":2},"1":{"name":"badRequest","decl":{"start":{"line":9,"column":8},"end":{"line":11,"column":2}},"loc":{"start":{"line":9,"column":8},"end":{"line":11,"column":2}},"line":9},"2":{"name":"unauthorized","decl":{"start":{"line":13,"column":8},"end":{"line":15,"column":2}},"loc":{"start":{"line":13,"column":8},"end":{"line":15,"column":2}},"line":13},"3":{"name":"forbidden","decl":{"start":{"line":17,"column":8},"end":{"line":19,"column":2}},"loc":{"start":{"line":17,"column":8},"end":{"line":19,"column":2}},"line":17},"4":{"name":"notFound","decl":{"start":{"line":21,"column":8},"end":{"line":23,"column":2}},"loc":{"start":{"line":21,"column":8},"end":{"line":23,"column":2}},"line":21},"5":{"name":"internalServer","decl":{"start":{"line":25,"column":8},"end":{"line":27,"column":2}},"loc":{"start":{"line":25,"column":8},"end":{"line":27,"column":2}},"line":25}},"f":{"0":5,"1":1,"2":1,"3":1,"4":1,"5":1}}
}
