TN:
SF:src/config/bcrypt.adapter.ts
FN:4,hash
FN:9,compare
FNF:2
FNH:2
FNDA:2,hash
FNDA:1,compare
DA:1,1
DA:2,1
DA:3,1
DA:4,1
DA:5,2
DA:6,2
DA:7,1
DA:8,1
DA:9,1
DA:10,1
DA:11,1
DA:12,1
LF:12
LH:12
BRDA:4,0,0,2
BRDA:9,1,0,1
BRF:2
BRH:2
end_of_record
TN:
SF:src/config/envs.ts
FNF:0
FNH:0
DA:1,1
DA:2,1
DA:3,1
DA:4,1
DA:5,1
DA:6,1
DA:7,1
DA:8,1
DA:9,1
DA:10,1
DA:11,1
DA:12,1
DA:13,1
DA:14,1
DA:15,1
DA:16,1
DA:17,1
DA:18,1
DA:19,1
LF:19
LH:19
BRF:0
BRH:0
end_of_record
TN:
SF:src/config/index.ts
FNF:0
FNH:0
DA:1,1
DA:2,1
DA:3,1
LF:3
LH:3
BRF:0
BRH:0
end_of_record
TN:
SF:src/config/jwt.adapter.ts
FN:7,generateToken
FN:15,verifyToken
FNF:2
FNH:2
FNDA:3,generateToken
FNDA:2,verifyToken
DA:1,1
DA:2,1
DA:3,1
DA:4,1
DA:5,1
DA:6,1
DA:7,1
DA:8,3
DA:9,3
DA:10,3
DA:11,3
DA:12,3
DA:13,1
DA:14,1
DA:15,1
DA:16,2
DA:17,2
DA:18,2
DA:19,1
DA:20,1
DA:21,1
DA:22,1
LF:22
LH:22
BRDA:7,0,0,3
BRDA:15,1,0,2
BRDA:18,2,0,1
BRF:3
BRH:3
end_of_record
TN:
SF:src/config/regular-exp.ts
FNF:0
FNH:0
DA:1,1
DA:2,1
DA:3,1
LF:3
LH:3
BRF:0
BRH:0
end_of_record
TN:
SF:src/domain/index.ts
FNF:0
FNH:0
DA:1,1
DA:2,1
DA:3,1
DA:4,1
DA:5,1
DA:6,1
DA:7,1
DA:8,1
DA:9,1
LF:9
LH:9
BRF:0
BRH:0
end_of_record
TN:
SF:src/domain/dtos/auth/index.ts
FNF:0
FNH:0
DA:1,1
DA:2,1
LF:2
LH:2
BRF:0
BRH:0
end_of_record
TN:
SF:src/domain/dtos/auth/log-in-user.dto.ts
FN:4,LogInUserDto
FN:6,create
FNF:2
FNH:2
FNDA:1,LogInUserDto
FNDA:7,create
DA:1,1
DA:2,1
DA:3,1
DA:4,1
DA:5,1
DA:6,1
DA:7,7
DA:8,6
DA:9,6
DA:10,6
DA:11,7
DA:12,7
DA:13,4
DA:14,4
DA:15,7
DA:16,3
DA:17,7
DA:18,2
DA:19,7
DA:20,1
DA:21,1
DA:22,1
DA:23,1
LF:23
LH:23
BRDA:4,0,0,1
BRDA:6,1,0,7
BRDA:7,2,0,1
BRDA:8,3,0,6
BRDA:11,4,0,1
BRDA:12,5,0,5
BRDA:12,6,0,1
BRDA:13,7,0,4
BRDA:15,8,0,1
BRDA:16,9,0,3
BRDA:17,10,0,1
BRDA:18,11,0,2
BRDA:19,12,0,1
BRF:13
BRH:13
end_of_record
TN:
SF:src/domain/dtos/auth/register-user.dto.ts
FN:5,RegisterUserDto
FN:16,create
FNF:2
FNH:2
FNDA:5,RegisterUserDto
FNDA:20,create
DA:1,1
DA:2,1
DA:3,1
DA:4,1
DA:5,1
DA:6,5
DA:7,5
DA:8,5
DA:9,5
DA:10,5
DA:11,5
DA:12,5
DA:13,5
DA:14,5
DA:15,1
DA:16,1
DA:17,20
DA:18,19
DA:19,19
DA:20,19
DA:21,19
DA:22,19
DA:23,19
DA:24,19
DA:25,19
DA:26,19
DA:27,19
DA:28,19
DA:29,20
DA:30,18
DA:31,18
DA:32,20
DA:33,20
DA:34,16
DA:35,16
DA:36,20
DA:37,15
DA:38,20
DA:39,14
DA:40,20
DA:41,20
DA:42,12
DA:43,20
DA:44,11
DA:45,20
DA:46,10
DA:47,20
DA:48,9
DA:49,20
DA:50,8
DA:51,8
DA:52,20
DA:53,4
DA:54,1
DA:55,4
DA:56,1
DA:57,3
DA:58,2
DA:59,2
DA:60,4
DA:61,6
DA:62,6
DA:63,6
DA:64,6
DA:65,6
DA:66,6
DA:67,6
DA:68,6
DA:69,6
DA:70,6
DA:71,20
DA:72,20
DA:73,5
DA:74,5
DA:75,20
DA:76,20
DA:77,20
DA:78,5
DA:79,5
DA:80,0
DA:81,0
DA:82,5
DA:83,5
DA:84,5
DA:85,5
DA:86,5
DA:87,5
DA:88,5
DA:89,5
DA:90,5
DA:91,5
DA:92,5
DA:93,5
DA:94,5
DA:95,5
DA:96,5
DA:97,1
LF:97
LH:95
BRDA:5,0,0,5
BRDA:16,1,0,20
BRDA:17,2,0,1
BRDA:18,3,0,19
BRDA:29,4,0,1
BRDA:30,5,0,18
BRDA:32,6,0,1
BRDA:33,7,0,17
BRDA:33,8,0,1
BRDA:34,9,0,16
BRDA:36,10,0,1
BRDA:37,11,0,15
BRDA:38,12,0,1
BRDA:39,13,0,14
BRDA:40,14,0,1
BRDA:41,15,0,13
BRDA:41,16,0,1
BRDA:42,17,0,12
BRDA:43,18,0,1
BRDA:44,19,0,11
BRDA:45,20,0,1
BRDA:46,21,0,10
BRDA:47,22,0,1
BRDA:48,23,0,9
BRDA:49,24,0,1
BRDA:50,25,0,8
BRDA:52,26,0,4
BRDA:53,27,0,1
BRDA:55,28,0,3
BRDA:55,29,0,1
BRDA:57,30,0,2
BRDA:61,31,0,6
BRDA:71,32,0,3
BRDA:72,33,0,1
BRDA:73,34,0,5
BRDA:75,35,0,0
BRDA:76,36,0,5
BRDA:77,37,0,0
BRDA:78,38,0,5
BRDA:78,39,0,5
BRDA:79,40,0,0
BRF:41
BRH:38
end_of_record
TN:
SF:src/domain/entity/user.entity.ts
FN:9,UserEntity
FN:27,toObject
FNF:2
FNH:2
FNDA:1,UserEntity
FNDA:10,toObject
DA:1,1
DA:2,1
DA:3,4
DA:4,4
DA:5,4
DA:6,4
DA:7,1
DA:8,1
DA:9,1
DA:10,1
DA:11,1
DA:12,1
DA:13,1
DA:14,1
DA:15,1
DA:16,1
DA:17,1
DA:18,1
DA:19,1
DA:20,1
DA:21,1
DA:22,1
DA:23,1
DA:24,1
DA:25,1
DA:26,1
DA:27,1
DA:28,10
DA:29,9
DA:30,9
DA:31,9
DA:32,9
DA:33,9
DA:34,9
DA:35,9
DA:36,9
DA:37,9
DA:38,9
DA:39,9
DA:40,9
DA:41,9
DA:42,9
DA:43,9
DA:44,9
DA:45,10
DA:46,1
DA:47,1
DA:48,8
DA:49,10
DA:50,1
DA:51,10
DA:52,1
DA:53,1
DA:54,6
DA:55,10
DA:56,1
DA:57,1
DA:58,5
DA:59,10
DA:60,1
DA:61,1
DA:62,4
DA:63,10
DA:64,1
DA:65,1
DA:66,3
DA:67,10
DA:68,1
DA:69,1
DA:70,2
DA:71,10
DA:72,1
DA:73,1
DA:74,0
DA:75,1
DA:76,1
DA:77,1
DA:78,0
DA:79,0
DA:80,1
DA:81,1
DA:82,1
DA:83,1
DA:84,1
DA:85,1
DA:86,1
DA:87,10
DA:88,10
DA:89,10
DA:90,10
DA:91,10
DA:92,10
DA:93,10
DA:94,10
DA:95,10
DA:96,10
DA:97,10
DA:98,1
LF:98
LH:95
BRDA:3,0,0,4
BRDA:9,1,0,1
BRDA:27,2,0,10
BRDA:28,3,0,1
BRDA:29,4,0,9
BRDA:45,5,0,1
BRDA:45,6,0,1
BRDA:48,7,0,8
BRDA:49,8,0,1
BRDA:51,9,0,7
BRDA:51,10,0,1
BRDA:54,11,0,6
BRDA:55,12,0,1
BRDA:58,13,0,5
BRDA:59,14,0,1
BRDA:62,15,0,4
BRDA:63,16,0,1
BRDA:66,17,0,3
BRDA:67,18,0,1
BRDA:70,19,0,2
BRDA:71,20,0,1
BRDA:73,21,0,0
BRDA:87,22,0,0
BRDA:76,23,0,1
BRDA:77,24,0,0
BRF:25
BRH:22
end_of_record
TN:
SF:src/domain/errors/custom.error.ts
FN:2,CustomError
FN:9,badRequest
FN:13,unauthorized
FN:17,forbidden
FN:21,notFound
FN:25,internalServer
FNF:6
FNH:6
FNDA:5,CustomError
FNDA:1,badRequest
FNDA:1,unauthorized
FNDA:1,forbidden
FNDA:1,notFound
FNDA:1,internalServer
DA:1,1
DA:2,1
DA:3,5
DA:4,5
DA:5,5
DA:6,5
DA:7,5
DA:8,1
DA:9,1
DA:10,1
DA:11,1
DA:12,1
DA:13,1
DA:14,1
DA:15,1
DA:16,1
DA:17,1
DA:18,1
DA:19,1
DA:20,1
DA:21,1
DA:22,1
DA:23,1
DA:24,1
DA:25,1
DA:26,1
DA:27,1
DA:28,1
LF:28
LH:28
BRDA:2,0,0,5
BRDA:9,1,0,1
BRDA:13,2,0,1
BRDA:17,3,0,1
BRDA:21,4,0,1
BRDA:25,5,0,1
BRF:6
BRH:6
end_of_record
